<?xml version="1.0" encoding="UTF-8"?>
<!-- Generated by org.testng.reporters.JUnitXMLReporter -->
<testsuite ignored="0" hostname="Brain-ПК" failures="1" tests="4" name="Cart Functional Test" time="54.352" errors="0" timestamp="27 серп. 2019 11:54:29 GMT">
  <testcase classname="test.TestCartFunctional" name="addProductToCart" time="3.401"/>
  <testcase classname="test.TestCartFunctional" name="deleteProductFromShoppingCart" time="4.78"/>
  <testcase classname="test.TestCartFunctional" name="priceProductFromShoppingCart" time="5.925"/>
  <testcase classname="test.TestCartFunctional" name="wrongAddProductToCart" time="2.722">
    <failure type="java.lang.AssertionError" message="expected [true] but found [false]">
      <![CDATA[java.lang.AssertionError: expected [true] but found [false]
at test.TestCartFunctional.wrongAddProductToCart(TestCartFunctional.java:84)
... Removed 33 stack frames]]>
    </failure>
  </testcase> <!-- wrongAddProductToCart -->
</testsuite> <!-- Cart Functional Test -->
